# JRE version: OpenJDK Runtime Environment (12.0.1+12) (build 12.0.1+12-Ubuntu-1)
# Java VM: OpenJDK 64-Bit Server VM (12.0.1+12-Ubuntu-1, mixed mode, sharing, tiered, compressed oops, g1 gc, linux-amd64)
Heap:
 garbage-first heap   total 280576K, used 27030K [0x0000000083200000, 0x0000000100000000)
  region size 1024K, 1 young (1024K), 1 survivors (1024K)
 Metaspace       used 18198K, capacity 18442K, committed 19328K, reserved 1067008K
  class space    used 1893K, capacity 1998K, committed 2176K, reserved 1048576K
GC Heap History (10 events):
Event: 3772.265 GC heap after
{Heap after GC invocations=8859 (full 0):
 garbage-first heap   total 99328K, used 27029K [0x0000000083200000, 0x0000000100000000)
  region size 1024K, 1 young (1024K), 1 survivors (1024K)
 Metaspace       used 18198K, capacity 18442K, committed 19328K, reserved 1067008K
  class space    used 1893K, capacity 1998K, committed 2176K, reserved 1048576K
}
Event: 3772.898 GC heap before
{Heap before GC invocations=8859 (full 0):
 garbage-first heap   total 99328K, used 84373K [0x0000000083200000, 0x0000000100000000)
  region size 1024K, 57 young (58368K), 1 survivors (1024K)
 Metaspace       used 18198K, capacity 18442K, committed 19328K, reserved 1067008K
  class space    used 1893K, capacity 1998K, committed 2176K, reserved 1048576K
}
Event: 3772.899 GC heap after
{Heap after GC invocations=8860 (full 0):
 garbage-first heap   total 99328K, used 27077K [0x0000000083200000, 0x0000000100000000)
  region size 1024K, 1 young (1024K), 1 survivors (1024K)
 Metaspace       used 18198K, capacity 18442K, committed 19328K, reserved 1067008K
  class space    used 1893K, capacity 1998K, committed 2176K, reserved 1048576K
}
Event: 3773.327 GC heap before
{Heap before GC invocations=8860 (full 0):
 garbage-first heap   total 99328K, used 84421K [0x0000000083200000, 0x0000000100000000)
  region size 1024K, 57 young (58368K), 1 survivors (1024K)
 Metaspace       used 18198K, capacity 18442K, committed 19328K, reserved 1067008K
  class space    used 1893K, capacity 1998K, committed 2176K, reserved 1048576K
}
Event: 3773.590 GC heap after
{Heap after GC invocations=8861 (full 0):
 garbage-first heap   total 99328K, used 27054K [0x0000000083200000, 0x0000000100000000)
  region size 1024K, 1 young (1024K), 1 survivors (1024K)
 Metaspace       used 18198K, capacity 18442K, committed 19328K, reserved 1067008K
  class space    used 1893K, capacity 1998K, committed 2176K, reserved 1048576K
}
Event: 3773.869 GC heap before
{Heap before GC invocations=8861 (full 0):
 garbage-first heap   total 99328K, used 84398K [0x0000000083200000, 0x0000000100000000)
  region size 1024K, 57 young (58368K), 1 survivors (1024K)
 Metaspace       used 18198K, capacity 18442K, committed 19328K, reserved 1067008K
  class space    used 1893K, capacity 1998K, committed 2176K, reserved 1048576K
}
Event: 3773.870 GC heap after
{Heap after GC invocations=8862 (full 0):
 garbage-first heap   total 99328K, used 27030K [0x0000000083200000, 0x0000000100000000)
  region size 1024K, 1 young (1024K), 1 survivors (1024K)
 Metaspace       used 18198K, capacity 18442K, committed 19328K, reserved 1067008K
  class space    used 1893K, capacity 1998K, committed 2176K, reserved 1048576K
}
Event: 3778.419 GC heap before
{Heap before GC invocations=8862 (full 0):
 garbage-first heap   total 99328K, used 84374K [0x0000000083200000, 0x0000000100000000)
  region size 1024K, 57 young (58368K), 1 survivors (1024K)
 Metaspace       used 18198K, capacity 18442K, committed 19328K, reserved 1067008K
  class space    used 1893K, capacity 1998K, committed 2176K, reserved 1048576K
}
Event: 3779.400 GC heap after
{Heap after GC invocations=8863 (full 0):
 garbage-first heap   total 99328K, used 27031K [0x0000000083200000, 0x0000000100000000)
  region size 1024K, 1 young (1024K), 1 survivors (1024K)
 Metaspace       used 18198K, capacity 18442K, committed 19328K, reserved 1067008K
  class space    used 1893K, capacity 1998K, committed 2176K, reserved 1048576K
}
Event: 3779.653 GC heap before
{Heap before GC invocations=8863 (full 0):
 garbage-first heap   total 99328K, used 84375K [0x0000000083200000, 0x0000000100000000)
  region size 1024K, 57 young (58368K), 1 survivors (1024K)
 Metaspace       used 18198K, capacity 18442K, committed 19328K, reserved 1067008K
  class space    used 1893K, capacity 1998K, committed 2176K, reserved 1048576K
}

